[21:33:30] [main/INFO]: Loading Minecraft 1.20.1 with Fabric Loader 0.16.3
[21:33:30] [main/INFO]: Loading 4 mods:
	- fabricloader 0.16.3
	   \-- mixinextras 0.4.1
	- java 17
	- minecraft 1.20.1
[21:33:30] [main/INFO]: SpongePowered MIXIN Subsystem Version=0.8.7 Source=file:/workspaces/Cuy-Landia/servidor_minecraft/libraries/net/fabricmc/sponge-mixin/0.15.2+mixin.0.8.7/sponge-mixin-0.15.2+mixin.0.8.7.jar Service=Knot/Fabric Env=SERVER
[21:33:36] [main/INFO]: Environment: authHost='https://authserver.mojang.com', accountsHost='https://api.mojang.com', sessionHost='https://sessionserver.mojang.com', servicesHost='https://api.minecraftservices.com', name='PROD'
[21:33:37] [main/INFO]: Loaded 7 recipes
[21:33:37] [main/INFO]: Loaded 1271 advancements
[21:33:38] [Server thread/INFO]: Starting minecraft server version 1.20.1
[21:33:38] [Server thread/INFO]: Loading properties
[21:33:38] [Server thread/INFO]: Default game type: SURVIVAL
[21:33:38] [Server thread/INFO]: Generating keypair
[21:33:38] [Server thread/INFO]: Starting Minecraft server on *:25565
[21:33:38] [Server thread/INFO]: Using epoll channel type
[21:33:38] [Server thread/WARN]: **** SERVER IS RUNNING IN OFFLINE/INSECURE MODE!
[21:33:38] [Server thread/WARN]: The server will make no attempt to authenticate usernames. Beware.
[21:33:38] [Server thread/WARN]: While this makes the game possible to play without internet access, it also opens up the ability for hackers to connect with any username they choose.
[21:33:38] [Server thread/WARN]: To change this, set "online-mode" to "true" in the server.properties file.
[21:33:38] [Server thread/INFO]: Preparing level "world"
[21:33:41] [Server thread/INFO]: Preparing start region for dimension minecraft:overworld
[21:33:44] [Worker-Main-3/INFO]: Preparing spawn area: 0%
[21:33:44] [Worker-Main-1/INFO]: Preparing spawn area: 0%
[21:33:44] [Worker-Main-1/INFO]: Preparing spawn area: 0%
[21:33:44] [Worker-Main-1/INFO]: Preparing spawn area: 0%
[21:33:44] [Worker-Main-3/INFO]: Preparing spawn area: 0%
[21:33:44] [Worker-Main-2/INFO]: Preparing spawn area: 0%
[21:33:44] [Worker-Main-2/INFO]: Preparing spawn area: 0%
[21:33:45] [Worker-Main-2/INFO]: Preparing spawn area: 6%
[21:33:45] [Worker-Main-2/INFO]: Preparing spawn area: 88%
[21:33:45] [Server thread/INFO]: Time elapsed: 4094 ms
[21:33:45] [Server thread/INFO]: Done (6.922s)! For help, type "help"
[21:33:53] [Server thread/INFO]: Zatanna917[/127.16.32.9:41065] logged in with entity id 240 at (54.5, 77.0, 17.5)
[21:33:53] [Server thread/INFO]: Zatanna917 joined the game
[21:33:54] [Server thread/INFO]: Zatanna917 lost connection: Disconnected
[21:33:54] [Server thread/INFO]: Zatanna917 left the game
[21:34:41] [Server thread/INFO]: CGreens[/127.239.9.245:33401] logged in with entity id 254 at (57.5, 70.0, 22.5)
[21:34:41] [Server thread/INFO]: CGreens joined the game
[21:34:41] [Server thread/INFO]: CGreens lost connection: Disconnected
[21:34:41] [Server thread/INFO]: CGreens left the game
[21:35:00] [Server thread/INFO]: CGreens[/127.239.9.245:48877] logged in with entity id 259 at (57.5, 70.0, 22.5)
[21:35:00] [Server thread/INFO]: CGreens joined the game
[21:35:01] [Server thread/INFO]: CGreens lost connection: Disconnected
[21:35:01] [Server thread/INFO]: CGreens left the game
[21:36:28] [Server thread/INFO]: Zatanna917[/127.16.32.9:55639] logged in with entity id 260 at (54.5, 77.0, 17.5)
[21:36:28] [Server thread/INFO]: Zatanna917 joined the game
[21:36:38] [Server thread/INFO]: CGreens[/127.239.9.245:53937] logged in with entity id 340 at (57.5, 70.0, 22.5)
[21:36:38] [Server thread/INFO]: CGreens joined the game
[21:36:39] [Server thread/INFO]: CGreens lost connection: Disconnected
[21:36:39] [Server thread/INFO]: CGreens left the game
[21:36:44] [Server thread/INFO]: CGreens[/127.239.9.245:60487] logged in with entity id 400 at (57.5, 70.0, 22.5)
[21:36:44] [Server thread/INFO]: CGreens joined the game
[21:36:45] [Server thread/INFO]: CGreens lost connection: Disconnected
[21:36:45] [Server thread/INFO]: CGreens left the game
[21:38:04] [Server thread/INFO]: Zatanna917 lost connection: Disconnected
[21:38:04] [Server thread/INFO]: Zatanna917 left the game
[21:39:43] [Server thread/INFO]: Stopping the server
[21:39:43] [Server thread/INFO]: Stopping server
[21:39:43] [Server thread/INFO]: Saving players
[21:39:43] [Server thread/INFO]: Saving worlds
[21:39:43] [Server thread/INFO]: Saving chunks for level 'ServerLevel[world]'/minecraft:overworld
[21:39:44] [Server thread/INFO]: Saving chunks for level 'ServerLevel[world]'/minecraft:the_end
[21:39:44] [Server thread/INFO]: Saving chunks for level 'ServerLevel[world]'/minecraft:the_nether
[21:39:44] [Server thread/INFO]: ThreadedAnvilChunkStorage (world): All chunks are saved
[21:39:44] [Server thread/INFO]: ThreadedAnvilChunkStorage (DIM1): All chunks are saved
[21:39:44] [Server thread/INFO]: ThreadedAnvilChunkStorage (DIM-1): All chunks are saved
[21:39:44] [Server thread/INFO]: ThreadedAnvilChunkStorage: All dimensions are saved
